<?xml version="1.0" encoding="UTF-8"?>
<!-- Generated by org.testng.reporters.JUnitXMLReporter -->
<testsuite ignored="11" hostname="asd1581po02037" failures="0" tests="0" time="0.003" errors="0" timestamp="26 Apr 2018 06:47:20 GMT">
  <testcase classname="snlTest.BoardTest" name="gameInProgressExceptionTest" time="0.0">
    <ignored/>
  </testcase> <!-- gameInProgressExceptionTest -->
  <testcase classname="snlTest.BoardTest" name="rollDiceTest" time="0.0">
    <ignored/>
  </testcase> <!-- rollDiceTest -->
  <testcase classname="snlTest.BoardTest" name="fourPlayersRegister" time="0.0">
    <ignored/>
  </testcase> <!-- fourPlayersRegister -->
  <testcase classname="snlTest.BoardTest" name="registeredPlayerTestPosition" time="0.0">
    <ignored/>
  </testcase> <!-- registeredPlayerTestPosition -->
  <testcase classname="snlTest.BoardTest" name="maxPlayersReachedExceptionTest" time="0.0">
    <ignored/>
  </testcase> <!-- maxPlayersReachedExceptionTest -->
  <testcase classname="snlTest.BoardTest" name="moreThanFourPlayers" time="0.0">
    <ignored/>
  </testcase> <!-- moreThanFourPlayers -->
  <testcase classname="snlTest.BoardTest" name="rollDiceTestPlayerPlayedTwice" time="0.0">
    <ignored/>
  </testcase> <!-- rollDiceTestPlayerPlayedTwice -->
  <testcase classname="snlTest.BoardTest" name="registeredPlayerTestName" time="0.0">
    <ignored/>
  </testcase> <!-- registeredPlayerTestName -->
  <testcase classname="snlTest.BoardTest" name="registeredPlayerTestOnUuid" time="0.0">
    <ignored/>
  </testcase> <!-- registeredPlayerTestOnUuid -->
  <testcase classname="snlTest.BoardTest" name="samePlayerRegisterationCheck" time="0.0">
    <ignored/>
  </testcase> <!-- samePlayerRegisterationCheck -->
  <testcase classname="snlTest.BoardTest" name="testDeletePlayer" time="0.0">
    <ignored/>
  </testcase> <!-- testDeletePlayer -->
</testsuite>
