<?xml version="1.0" encoding="UTF-8"?>
<testng-results ignored="11" total="11" passed="0" failed="0" skipped="0">
  <reporter-output>
  </reporter-output>
  <suite started-at="2018-04-26T06:47:20Z" name="Default suite" finished-at="2018-04-26T06:47:20Z" duration-ms="3">
    <groups>
    </groups>
    <test started-at="2018-04-26T06:47:20Z" name="Default test" finished-at="2018-04-26T06:47:20Z" duration-ms="3">
    </test> <!-- Default test -->
  </suite> <!-- Default suite -->
</testng-results>
