<?xml version="1.0" encoding="UTF-8"?>
<testng-results ignored="11" total="12" passed="1" failed="0" skipped="0">
  <reporter-output>
  </reporter-output>
  <suite started-at="2018-04-26T07:28:07Z" name="Default suite" finished-at="2018-04-26T07:28:07Z" duration-ms="90">
    <groups>
    </groups>
    <test started-at="2018-04-26T07:28:07Z" name="Default test" finished-at="2018-04-26T07:28:07Z" duration-ms="90">
      <class name="snlTest.BoardTest">
        <test-method signature="alreadyDeletedPlayer()[pri:0, instance:snlTest.BoardTest@7c9d8e2]" started-at="2018-04-26T12:58:07Z" name="alreadyDeletedPlayer" finished-at="2018-04-26T12:58:07Z" duration-ms="58" status="PASS">
          <reporter-output>
          </reporter-output>
        </test-method> <!-- alreadyDeletedPlayer -->
      </class> <!-- snlTest.BoardTest -->
    </test> <!-- Default test -->
  </suite> <!-- Default suite -->
</testng-results>
